
Showing logs for build [32mcb-kubecd-environment-pr-213-36-8frts-1[0m stage [32mfrom-build-pack[0m and container [32mstep-credential-initializer-qjk7j[0m
{"level":"info","ts":1588647522.612402,"logger":"fallback-logger","caller":"logging/config.go:69","msg":"Fetch GitHub commit ID from kodata failed: open /var/run/ko/refs/heads/0.8.0-ns-support: no such file or directory"}
{"level":"info","ts":1588647522.6132507,"logger":"fallback-logger","caller":"creds-init/main.go:40","msg":"Credentials initialized."}

Showing logs for build [32mcb-kubecd-environment-pr-213-36-8frts-1[0m stage [32mfrom-build-pack[0m and container [32mstep-working-dir-initializer-cvg4b[0m
{"level":"info","ts":1588647523.694064,"logger":"fallback-logger","caller":"logging/config.go:69","msg":"Fetch GitHub commit ID from kodata failed: open /var/run/ko/HEAD: no such file or directory"}
{"level":"info","ts":1588647523.69525,"logger":"fallback-logger","caller":"bash/main.go:64","msg":"Successfully executed command \"sh -c mkdir -p /workspace/source\"; output "}

Showing logs for build [32mcb-kubecd-environment-pr-213-36-8frts-1[0m stage [32mfrom-build-pack[0m and container [32mstep-place-tools[0m

Showing logs for build [32mcb-kubecd-environment-pr-213-36-8frts-1[0m stage [32mfrom-build-pack[0m and container [32mstep-git-source-cb-kubecd-environment-pr-213-36-8frts-zp8jv[0m
{"level":"info","ts":1588647526.8202343,"logger":"fallback-logger","caller":"logging/config.go:69","msg":"Fetch GitHub commit ID from kodata failed: open /var/run/ko/refs/heads/0.8.0-ns-support: no such file or directory"}
{"level":"info","ts":1588647527.8856764,"logger":"fallback-logger","caller":"git/git.go:103","msg":"Successfully cloned https://github.com/cb-kubecd/environment-pr-213-36-gke-upgrade-production.git @ master in path /workspace/source"}

Showing logs for build [32mcb-kubecd-environment-pr-213-36-8frts-1[0m stage [32mfrom-build-pack[0m and container [32mstep-git-merge[0m
Using SHAs from PULL_REFS=master:d8b8f480d0dd68fb3378e9ff32ac3ac7e689c1f0,1:fa6bade2072d5314ffc6351f3444b2fe6f6dd0fb
DEBUG: LC_ALL=C JX_LOG_LEVEL=error git fetch origin --unshallow fa6bade2072d5314ffc6351f3444b2fe6f6dd0fb: d8b8f480d0dd68fb3378e9ff32ac3ac7e689c1f0:
DEBUG: ran git fetch --unshallow origin fa6bade2072d5314ffc6351f3444b2fe6f6dd0fb: d8b8f480d0dd68fb3378e9ff32ac3ac7e689c1f0: in 
DEBUG: LC_ALL=C JX_LOG_LEVEL=error git branch
DEBUG: LC_ALL=C JX_LOG_LEVEL=error git checkout master
DEBUG: ran git checkout master in 
DEBUG: LC_ALL=C JX_LOG_LEVEL=error git reset --hard d8b8f480d0dd68fb3378e9ff32ac3ac7e689c1f0
DEBUG: ran git reset --hard d8b8f480d0dd68fb3378e9ff32ac3ac7e689c1f0 in 
DEBUG: LC_ALL=C JX_LOG_LEVEL=error git clean -fd .
DEBUG: ran clean --force -d . in 
DEBUG: LC_ALL=C JX_LOG_LEVEL=error git merge fa6bade2072d5314ffc6351f3444b2fe6f6dd0fb
DEBUG: ran git merge fa6bade2072d5314ffc6351f3444b2fe6f6dd0fb in 
DEBUG: LC_ALL=C JX_LOG_LEVEL=error git log --format=%H%x1f%an%x1f%ae%x1f%cn%x1f%ce%x1f%s%n%b%x1e d8b8f480d0dd68fb3378e9ff32ac3ac7e689c1f0..HEAD
Merged SHA fa6bade2072d5314ffc6351f3444b2fe6f6dd0fb with commit message 'chore: Promote bdd-spring-1588646401 to version 0.0.1' into base branch master

Showing logs for build [32mcb-kubecd-environment-pr-213-36-8frts-1[0m stage [32mfrom-build-pack[0m and container [32mstep-build-helm-build[0m
WARNING: No $CHART_REPOSITORY defined so using the default value of: http://jenkins-x-chartmuseum:8080
Adding missing Helm repo: storage.googleapis.com https://storage.googleapis.com/chartmuseum.jenkins-x.io
WARNING: No secrets found on "helm/repos" due: reading the secret "helm/repos" from vault: no secret "helm/repos" not found in vault
Read credentials for https://storage.googleapis.com/chartmuseum.jenkins-x.io from vault helm/repos
Successfully added Helm repository storage.googleapis.com.
Adding missing Helm repo: jenkins-x-chartmuseum http://jenkins-x-chartmuseum:8080
WARNING: No secrets found on "helm/repos" due: reading the secret "helm/repos" from vault: no secret "helm/repos" not found in vault
Read credentials for http://jenkins-x-chartmuseum:8080 from vault helm/repos
Successfully added Helm repository jenkins-x-chartmuseum.
WARNING: No $CHART_REPOSITORY defined so using the default value of: http://jenkins-x-chartmuseum:8080
Adding missing Helm repo: chartmuseum.jenkins-x.io http://chartmuseum.jenkins-x.io
WARNING: No secrets found on "helm/repos" due: reading the secret "helm/repos" from vault: no secret "helm/repos" not found in vault
Read credentials for http://chartmuseum.jenkins-x.io from vault helm/repos
Successfully added Helm repository chartmuseum.jenkins-x.io.
